==================================================================================================
File: ../output/maddison_ARG.dta
Key: year
==================================================================================================
  147:3(78098):3393201136:1521366657

    Variable |        Obs        Mean    Std. Dev.       Min        Max
-------------+---------------------------------------------------------
        year |        147    1941.912     45.0079       1800       2016
real_gdp_p~G |        147    9022.068    4639.767       1594      20003
     pop_ARG |        121    20976.98    12102.62        534      43887




==================================================================================================
File: ../output/roads.dta
Key: year
==================================================================================================
  37:6(29924):2955018682:260617083

    Variable |        Obs        Mean    Std. Dev.       Min        Max
-------------+---------------------------------------------------------
        year |         37    1979.541    17.11334       1935       2001
kms_paved_~s |         37    23353.65     8116.82       2936      31153
kms_gravel~s |         37    8070.351    2331.368       5281      14264
kms_dirt_r~d |         37    9631.838    13354.58       1911      49025
       Total |         37    41055.84    7379.156      32869      61383
-------------+---------------------------------------------------------
total_kms_~d |         37       31424    7517.585      12358      37999




==================================================================================================
File: ../output/trains.dta
Key: year
==================================================================================================
  67:2(51113):2972294635:281124215

    Variable |        Obs        Mean    Std. Dev.       Min        Max
-------------+---------------------------------------------------------
        year |         67    1946.896     35.1465       1857       1989
    kms_rail |         60    33410.78    13813.84         10      43938




==================================================================================================
File: ../output/gdp_shares.dta
Key: year
==================================================================================================
  70:10(53594):1218500183:632527247

    Variable |        Obs        Mean    Std. Dev.       Min        Max
-------------+---------------------------------------------------------
        year |         70      1969.5    20.35109       1935       2004
 agriculture |         70    .1277501    .0541774   .0445783   .2530014
      mining |         70    .0171379    .0098013   .0067713   .0597423
    industry |         70    .2441096    .0565163   .1302707   .3320359
   utilities |         70     .016887    .0047825   .0077367   .0279708
-------------+---------------------------------------------------------
construction |         70    .0485141    .0160015   .0177936   .0864583
    commerce |         70    .1504169    .0162265   .1171501   .1977626
trsp_strg_~m |         70    .0741077    .0144423   .0391781   .0977492
finance_re~e |         70    .1062687    .0527383   .0304905   .2101216
      public |         70    .1625037    .0273307   .1064907   .2604225




==================================================================================================
File: ../output/larkin_scores.dta
Key: segment_id
==================================================================================================
  625:26(54041):3900657994:3016728873

    Variable |        Obs        Mean    Std. Dev.       Min        Max
-------------+---------------------------------------------------------
  segment_id |        625         313    180.5662          1        625
  id_estudio |        186    82.56989    46.63032          1        163
orig_segme~d |        625    389.5472    329.3425          1       1101
          de |          0
           a |          0
-------------+---------------------------------------------------------
        note |          0
          km |        625    81.63872    73.86637        1.4        620
         cat |        421    2.026128    .8489666          1          3
       Linea |          0
    dens_ton |        563     2786236     6890178      13000   7.50e+07
-------------+---------------------------------------------------------
 do_not_draw |         82           1           0          1          1
replacemen~o |          0
      check1 |        618           1           0          1          1
check1_notes |          0
check1_inc~e |          0
-------------+---------------------------------------------------------
      check2 |        588    .9982993    .0412393          0          1
       table |        625     14.4128    .5984724         14         16
proposed_t~e |        222    .6666667    .4724698          0          1
   new_study |        186    .2526882    .4357265          0          1
     mantain |        187    .1497326     .357767          0          1
-------------+---------------------------------------------------------
    ingresos |          0
      gastos |          0
ing_conjunto |          0
gasto_conj~t |          0
 km_conjunto |         15       120.6    70.95351         45        306
-------------+---------------------------------------------------------
estudio_co~o |        186    .2365591    .4261163          0          1




==================================================================================================
File: ../output/nomina.dta
Key: nomina_segment_id
==================================================================================================
  1014:18(43620):2140699995:2042937597

    Variable |        Obs        Mean    Std. Dev.       Min        Max
-------------+---------------------------------------------------------
nomina_seg~d |      1,014       507.5    292.8609          1       1014
        file |          0
          de |          0
           a |          0
   total_row |      1,014    .0069034      .08284          0          1
-------------+---------------------------------------------------------
deviation_~s |        221    3.734548    5.769335          0     54.512
     tot_kms |        999    52.38521    83.98734       .082   1226.579
concesion~br |          0
concesion~ar |        820    1897.935    16.63629       1854       1944
constructi~r |        494    1895.306    15.24012       1854       1936
-------------+---------------------------------------------------------
constructi~y |          0
opening_de~r |        875    1904.816    17.76697       1857       1950
opening_year |        735    1888.721     152.763         15       1981
closing_d~br |          0
closing_d~ar |        198    1955.859    139.5016         14       1980
-------------+---------------------------------------------------------
lifting_d~br |          0
lifting_d~ar |         95    1931.495    281.6634         18       2000
       notes |          0




