==================================================================================================
File: ../output/yearly_aggregates.dta
Key: year
==================================================================================================
  120:20(70903):157171891:2608444762

    Variable |        Obs        Mean    Std. Dev.       Min        Max
-------------+---------------------------------------------------------
        year |        120    1930.183    35.36603       1857       1990
    kms_rail |         60    33410.78    13813.84         10      43938
kms_paved_~s |         26     20785.5    8426.575       2936      28017
kms_gravel~s |         26    8954.923    2231.948       6127      14264
kms_dirt_r~d |         26       12815    14878.25       2233      49025
-------------+---------------------------------------------------------
       Total |         26    42555.42     8383.28      32869      61383
total_kms_~d |         26    29740.42      8432.7      12358      37999
real_gdp_p~G |        118    7613.653    3274.574       2321      14431
     pop_ARG |         93    16446.27    8347.295       1796      33036
 agriculture |         56    .1439285    .0473664   .0635417   .2530014
-------------+---------------------------------------------------------
      mining |         56    .0147154    .0054657   .0067713   .0316568
    industry |         56    .2573125    .0543745   .1302707   .3320359
   utilities |         56    .0163578    .0050781   .0077367   .0279708
construction |         56    .0488763    .0172842   .0177936   .0864583
    commerce |         56    .1494466    .0166898   .1171501   .1977626
-------------+---------------------------------------------------------
trsp_strg_~m |         56    .0740223    .0152847   .0391781   .0977492
finance_re~e |         56    .0875479    .0400435   .0304905   .1571084
      public |         56    .1554075      .02091   .1064907   .2129757
real_gdp_p~c |         56    1385.346    260.1623     870.41   2106.756
real_gdp_p~d |         56    2757.461    1095.158   881.4114   4564.165




==================================================================================================
File: ../output/yearly_aggregates.dta
Key: year
==================================================================================================
  120:20(70903):2756112000:3393262978

    Variable |        Obs        Mean    Std. Dev.       Min        Max
-------------+---------------------------------------------------------
        year |        120    1930.183    35.36603       1857       1990
    kms_rail |         60    33410.78    13813.84         10      43938
kms_paved_~s |         26     20785.5    8426.575       2936      28017
kms_gravel~s |         26    8954.923    2231.948       6127      14264
kms_dirt_r~d |         26       12815    14878.25       2233      49025
-------------+---------------------------------------------------------
       Total |         26    42555.42     8383.28      32869      61383
total_kms_~d |         26    29740.42      8432.7      12358      37999
real_gdp_p~G |        118    7613.653    3274.574       2321      14431
     pop_ARG |         93    16446.27    8347.295       1796      33036
 agriculture |         56    .1439285    .0473664   .0635417   .2530014
-------------+---------------------------------------------------------
      mining |         56    .0147154    .0054657   .0067713   .0316568
    industry |         56    .2573125    .0543745   .1302707   .3320359
   utilities |         56    .0163578    .0050781   .0077367   .0279708
construction |         56    .0488763    .0172842   .0177936   .0864583
    commerce |         56    .1494466    .0166898   .1171501   .1977626
-------------+---------------------------------------------------------
trsp_strg_~m |         56    .0740223    .0152847   .0391781   .0977492
finance_re~e |         56    .0875479    .0400435   .0304905   .1571084
      public |         56    .1554075      .02091   .1064907   .2129757
real_gdp_p~c |         56    1385.346    260.1623     870.41   2106.756
real_gdp_p~d |         56    2757.461    1095.158   881.4114   4564.165




==================================================================================================
File: ../output/yearly_aggregates.dta
Key: year
==================================================================================================
  120:20(70903):2756112000:3393262978

    Variable |        Obs        Mean    Std. Dev.       Min        Max
-------------+---------------------------------------------------------
        year |        120    1930.183    35.36603       1857       1990
    kms_rail |         60    33410.78    13813.84         10      43938
kms_paved_~s |         26     20785.5    8426.575       2936      28017
kms_gravel~s |         26    8954.923    2231.948       6127      14264
kms_dirt_r~d |         26       12815    14878.25       2233      49025
-------------+---------------------------------------------------------
       Total |         26    42555.42     8383.28      32869      61383
total_kms_~d |         26    29740.42      8432.7      12358      37999
real_gdp_p~G |        118    7613.653    3274.574       2321      14431
     pop_ARG |         93    16446.27    8347.295       1796      33036
 agriculture |         56    .1439285    .0473664   .0635417   .2530014
-------------+---------------------------------------------------------
      mining |         56    .0147154    .0054657   .0067713   .0316568
    industry |         56    .2573125    .0543745   .1302707   .3320359
   utilities |         56    .0163578    .0050781   .0077367   .0279708
construction |         56    .0488763    .0172842   .0177936   .0864583
    commerce |         56    .1494466    .0166898   .1171501   .1977626
-------------+---------------------------------------------------------
trsp_strg_~m |         56    .0740223    .0152847   .0391781   .0977492
finance_re~e |         56    .0875479    .0400435   .0304905   .1571084
      public |         56    .1554075      .02091   .1064907   .2129757
real_gdp_p~c |         56    1385.346    260.1623     870.41   2106.756
real_gdp_p~d |         56    2757.461    1095.158   881.4114   4564.165




==================================================================================================
File: ../output/yearly_aggregates.dta
Key: year
==================================================================================================
  120:20(70903):2756112000:3393262978

    Variable |        Obs        Mean    Std. Dev.       Min        Max
-------------+---------------------------------------------------------
        year |        120    1930.183    35.36603       1857       1990
    kms_rail |         60    33410.78    13813.84         10      43938
kms_paved_~s |         26     20785.5    8426.575       2936      28017
kms_gravel~s |         26    8954.923    2231.948       6127      14264
kms_dirt_r~d |         26       12815    14878.25       2233      49025
-------------+---------------------------------------------------------
       Total |         26    42555.42     8383.28      32869      61383
total_kms_~d |         26    29740.42      8432.7      12358      37999
real_gdp_p~G |        118    7613.653    3274.574       2321      14431
     pop_ARG |         93    16446.27    8347.295       1796      33036
 agriculture |         56    .1439285    .0473664   .0635417   .2530014
-------------+---------------------------------------------------------
      mining |         56    .0147154    .0054657   .0067713   .0316568
    industry |         56    .2573125    .0543745   .1302707   .3320359
   utilities |         56    .0163578    .0050781   .0077367   .0279708
construction |         56    .0488763    .0172842   .0177936   .0864583
    commerce |         56    .1494466    .0166898   .1171501   .1977626
-------------+---------------------------------------------------------
trsp_strg_~m |         56    .0740223    .0152847   .0391781   .0977492
finance_re~e |         56    .0875479    .0400435   .0304905   .1571084
      public |         56    .1554075      .02091   .1064907   .2129757
real_gdp_p~c |         56    1385.346    260.1623     870.41   2106.756
real_gdp_p~d |         56    2757.461    1095.158   881.4114   4564.165




==================================================================================================
File: ../output/yearly_aggregates.dta
Key: year
==================================================================================================
  120:20(70903):2756112000:3393262978

    Variable |        Obs        Mean    Std. Dev.       Min        Max
-------------+---------------------------------------------------------
        year |        120    1930.183    35.36603       1857       1990
    kms_rail |         60    33410.78    13813.84         10      43938
kms_paved_~s |         26     20785.5    8426.575       2936      28017
kms_gravel~s |         26    8954.923    2231.948       6127      14264
kms_dirt_r~d |         26       12815    14878.25       2233      49025
-------------+---------------------------------------------------------
       Total |         26    42555.42     8383.28      32869      61383
total_kms_~d |         26    29740.42      8432.7      12358      37999
real_gdp_p~G |        118    7613.653    3274.574       2321      14431
     pop_ARG |         93    16446.27    8347.295       1796      33036
 agriculture |         56    .1439285    .0473664   .0635417   .2530014
-------------+---------------------------------------------------------
      mining |         56    .0147154    .0054657   .0067713   .0316568
    industry |         56    .2573125    .0543745   .1302707   .3320359
   utilities |         56    .0163578    .0050781   .0077367   .0279708
construction |         56    .0488763    .0172842   .0177936   .0864583
    commerce |         56    .1494466    .0166898   .1171501   .1977626
-------------+---------------------------------------------------------
trsp_strg_~m |         56    .0740223    .0152847   .0391781   .0977492
finance_re~e |         56    .0875479    .0400435   .0304905   .1571084
      public |         56    .1554075      .02091   .1064907   .2129757
real_gdp_p~c |         56    1385.346    260.1623     870.41   2106.756
real_gdp_p~d |         56    2757.461    1095.158   881.4114   4564.165




==================================================================================================
File: ../output/yearly_aggregates.dta
Key: year
==================================================================================================
  120:20(70903):2756112000:3393262978

    Variable |        Obs        Mean    Std. Dev.       Min        Max
-------------+---------------------------------------------------------
        year |        120    1930.183    35.36603       1857       1990
    kms_rail |         60    33410.78    13813.84         10      43938
kms_paved_~s |         26     20785.5    8426.575       2936      28017
kms_gravel~s |         26    8954.923    2231.948       6127      14264
kms_dirt_r~d |         26       12815    14878.25       2233      49025
-------------+---------------------------------------------------------
       Total |         26    42555.42     8383.28      32869      61383
total_kms_~d |         26    29740.42      8432.7      12358      37999
real_gdp_p~G |        118    7613.653    3274.574       2321      14431
     pop_ARG |         93    16446.27    8347.295       1796      33036
 agriculture |         56    .1439285    .0473664   .0635417   .2530014
-------------+---------------------------------------------------------
      mining |         56    .0147154    .0054657   .0067713   .0316568
    industry |         56    .2573125    .0543745   .1302707   .3320359
   utilities |         56    .0163578    .0050781   .0077367   .0279708
construction |         56    .0488763    .0172842   .0177936   .0864583
    commerce |         56    .1494466    .0166898   .1171501   .1977626
-------------+---------------------------------------------------------
trsp_strg_~m |         56    .0740223    .0152847   .0391781   .0977492
finance_re~e |         56    .0875479    .0400435   .0304905   .1571084
      public |         56    .1554075      .02091   .1064907   .2129757
real_gdp_p~c |         56    1385.346    260.1623     870.41   2106.756
real_gdp_p~d |         56    2757.461    1095.158   881.4114   4564.165




==================================================================================================
File: ../output/yearly_aggregates.dta
Key: year
==================================================================================================
  120:20(70903):2756112000:3393262978

    Variable |        Obs        Mean    Std. Dev.       Min        Max
-------------+---------------------------------------------------------
        year |        120    1930.183    35.36603       1857       1990
    kms_rail |         60    33410.78    13813.84         10      43938
kms_paved_~s |         26     20785.5    8426.575       2936      28017
kms_gravel~s |         26    8954.923    2231.948       6127      14264
kms_dirt_r~d |         26       12815    14878.25       2233      49025
-------------+---------------------------------------------------------
       Total |         26    42555.42     8383.28      32869      61383
total_kms_~d |         26    29740.42      8432.7      12358      37999
real_gdp_p~G |        118    7613.653    3274.574       2321      14431
     pop_ARG |         93    16446.27    8347.295       1796      33036
 agriculture |         56    .1439285    .0473664   .0635417   .2530014
-------------+---------------------------------------------------------
      mining |         56    .0147154    .0054657   .0067713   .0316568
    industry |         56    .2573125    .0543745   .1302707   .3320359
   utilities |         56    .0163578    .0050781   .0077367   .0279708
construction |         56    .0488763    .0172842   .0177936   .0864583
    commerce |         56    .1494466    .0166898   .1171501   .1977626
-------------+---------------------------------------------------------
trsp_strg_~m |         56    .0740223    .0152847   .0391781   .0977492
finance_re~e |         56    .0875479    .0400435   .0304905   .1571084
      public |         56    .1554075      .02091   .1064907   .2129757
real_gdp_p~c |         56    1385.346    260.1623     870.41   2106.756
real_gdp_p~d |         56    2757.461    1095.158   881.4114   4564.165




==================================================================================================
File: ../output/yearly_aggregates.dta
Key: year
==================================================================================================
  120:20(70903):2756112000:3393262978

    Variable |        Obs        Mean    Std. Dev.       Min        Max
-------------+---------------------------------------------------------
        year |        120    1930.183    35.36603       1857       1990
    kms_rail |         60    33410.78    13813.84         10      43938
kms_paved_~s |         26     20785.5    8426.575       2936      28017
kms_gravel~s |         26    8954.923    2231.948       6127      14264
kms_dirt_r~d |         26       12815    14878.25       2233      49025
-------------+---------------------------------------------------------
       Total |         26    42555.42     8383.28      32869      61383
total_kms_~d |         26    29740.42      8432.7      12358      37999
real_gdp_p~G |        118    7613.653    3274.574       2321      14431
     pop_ARG |         93    16446.27    8347.295       1796      33036
 agriculture |         56    .1439285    .0473664   .0635417   .2530014
-------------+---------------------------------------------------------
      mining |         56    .0147154    .0054657   .0067713   .0316568
    industry |         56    .2573125    .0543745   .1302707   .3320359
   utilities |         56    .0163578    .0050781   .0077367   .0279708
construction |         56    .0488763    .0172842   .0177936   .0864583
    commerce |         56    .1494466    .0166898   .1171501   .1977626
-------------+---------------------------------------------------------
trsp_strg_~m |         56    .0740223    .0152847   .0391781   .0977492
finance_re~e |         56    .0875479    .0400435   .0304905   .1571084
      public |         56    .1554075      .02091   .1064907   .2129757
real_gdp_p~c |         56    1385.346    260.1623     870.41   2106.756
real_gdp_p~d |         56    2757.461    1095.158   881.4114   4564.165




==================================================================================================
File: ../output/yearly_aggregates.dta
Key: year
==================================================================================================
  120:20(70903):2756112000:3393262978

    Variable |        Obs        Mean    Std. Dev.       Min        Max
-------------+---------------------------------------------------------
        year |        120    1930.183    35.36603       1857       1990
    kms_rail |         60    33410.78    13813.84         10      43938
kms_paved_~s |         26     20785.5    8426.575       2936      28017
kms_gravel~s |         26    8954.923    2231.948       6127      14264
kms_dirt_r~d |         26       12815    14878.25       2233      49025
-------------+---------------------------------------------------------
       Total |         26    42555.42     8383.28      32869      61383
total_kms_~d |         26    29740.42      8432.7      12358      37999
real_gdp_p~G |        118    7613.653    3274.574       2321      14431
     pop_ARG |         93    16446.27    8347.295       1796      33036
 agriculture |         56    .1439285    .0473664   .0635417   .2530014
-------------+---------------------------------------------------------
      mining |         56    .0147154    .0054657   .0067713   .0316568
    industry |         56    .2573125    .0543745   .1302707   .3320359
   utilities |         56    .0163578    .0050781   .0077367   .0279708
construction |         56    .0488763    .0172842   .0177936   .0864583
    commerce |         56    .1494466    .0166898   .1171501   .1977626
-------------+---------------------------------------------------------
trsp_strg_~m |         56    .0740223    .0152847   .0391781   .0977492
finance_re~e |         56    .0875479    .0400435   .0304905   .1571084
      public |         56    .1554075      .02091   .1064907   .2129757
real_gdp_p~c |         56    1385.346    260.1623     870.41   2106.756
real_gdp_p~d |         56    2757.461    1095.158   881.4114   4564.165




==================================================================================================
File: ../output/yearly_aggregates.dta
Key: year
==================================================================================================
  120:20(70903):2756112000:3393262978

    Variable |        Obs        Mean    Std. Dev.       Min        Max
-------------+---------------------------------------------------------
        year |        120    1930.183    35.36603       1857       1990
    kms_rail |         60    33410.78    13813.84         10      43938
kms_paved_~s |         26     20785.5    8426.575       2936      28017
kms_gravel~s |         26    8954.923    2231.948       6127      14264
kms_dirt_r~d |         26       12815    14878.25       2233      49025
-------------+---------------------------------------------------------
       Total |         26    42555.42     8383.28      32869      61383
total_kms_~d |         26    29740.42      8432.7      12358      37999
real_gdp_p~G |        118    7613.653    3274.574       2321      14431
     pop_ARG |         93    16446.27    8347.295       1796      33036
 agriculture |         56    .1439285    .0473664   .0635417   .2530014
-------------+---------------------------------------------------------
      mining |         56    .0147154    .0054657   .0067713   .0316568
    industry |         56    .2573125    .0543745   .1302707   .3320359
   utilities |         56    .0163578    .0050781   .0077367   .0279708
construction |         56    .0488763    .0172842   .0177936   .0864583
    commerce |         56    .1494466    .0166898   .1171501   .1977626
-------------+---------------------------------------------------------
trsp_strg_~m |         56    .0740223    .0152847   .0391781   .0977492
finance_re~e |         56    .0875479    .0400435   .0304905   .1571084
      public |         56    .1554075      .02091   .1064907   .2129757
real_gdp_p~c |         56    1385.346    260.1623     870.41   2106.756
real_gdp_p~d |         56    2757.461    1095.158   881.4114   4564.165




==================================================================================================
File: ../output/yearly_aggregates.dta
Key: year
==================================================================================================
  120:20(70903):2756112000:3393262978

    Variable |        Obs        Mean    Std. Dev.       Min        Max
-------------+---------------------------------------------------------
        year |        120    1930.183    35.36603       1857       1990
    kms_rail |         60    33410.78    13813.84         10      43938
kms_paved_~s |         26     20785.5    8426.575       2936      28017
kms_gravel~s |         26    8954.923    2231.948       6127      14264
kms_dirt_r~d |         26       12815    14878.25       2233      49025
-------------+---------------------------------------------------------
       Total |         26    42555.42     8383.28      32869      61383
total_kms_~d |         26    29740.42      8432.7      12358      37999
real_gdp_p~G |        118    7613.653    3274.574       2321      14431
     pop_ARG |         93    16446.27    8347.295       1796      33036
 agriculture |         56    .1439285    .0473664   .0635417   .2530014
-------------+---------------------------------------------------------
      mining |         56    .0147154    .0054657   .0067713   .0316568
    industry |         56    .2573125    .0543745   .1302707   .3320359
   utilities |         56    .0163578    .0050781   .0077367   .0279708
construction |         56    .0488763    .0172842   .0177936   .0864583
    commerce |         56    .1494466    .0166898   .1171501   .1977626
-------------+---------------------------------------------------------
trsp_strg_~m |         56    .0740223    .0152847   .0391781   .0977492
finance_re~e |         56    .0875479    .0400435   .0304905   .1571084
      public |         56    .1554075      .02091   .1064907   .2129757
real_gdp_p~c |         56    1385.346    260.1623     870.41   2106.756
real_gdp_p~d |         56    2757.461    1095.158   881.4114   4564.165




==================================================================================================
File: ../output/yearly_aggregates.dta
Key: year
==================================================================================================
  120:20(70903):2756112000:3393262978

    Variable |        Obs        Mean    Std. Dev.       Min        Max
-------------+---------------------------------------------------------
        year |        120    1930.183    35.36603       1857       1990
    kms_rail |         60    33410.78    13813.84         10      43938
kms_paved_~s |         26     20785.5    8426.575       2936      28017
kms_gravel~s |         26    8954.923    2231.948       6127      14264
kms_dirt_r~d |         26       12815    14878.25       2233      49025
-------------+---------------------------------------------------------
       Total |         26    42555.42     8383.28      32869      61383
total_kms_~d |         26    29740.42      8432.7      12358      37999
real_gdp_p~G |        118    7613.653    3274.574       2321      14431
     pop_ARG |         93    16446.27    8347.295       1796      33036
 agriculture |         56    .1439285    .0473664   .0635417   .2530014
-------------+---------------------------------------------------------
      mining |         56    .0147154    .0054657   .0067713   .0316568
    industry |         56    .2573125    .0543745   .1302707   .3320359
   utilities |         56    .0163578    .0050781   .0077367   .0279708
construction |         56    .0488763    .0172842   .0177936   .0864583
    commerce |         56    .1494466    .0166898   .1171501   .1977626
-------------+---------------------------------------------------------
trsp_strg_~m |         56    .0740223    .0152847   .0391781   .0977492
finance_re~e |         56    .0875479    .0400435   .0304905   .1571084
      public |         56    .1554075      .02091   .1064907   .2129757
real_gdp_p~c |         56    1385.346    260.1623     870.41   2106.756
real_gdp_p~d |         56    2757.461    1095.158   881.4114   4564.165




==================================================================================================
File: ../output/yearly_aggregates.dta
Key: year
==================================================================================================
  120:20(70903):2756112000:3393262978

    Variable |        Obs        Mean    Std. Dev.       Min        Max
-------------+---------------------------------------------------------
        year |        120    1930.183    35.36603       1857       1990
    kms_rail |         60    33410.78    13813.84         10      43938
kms_paved_~s |         26     20785.5    8426.575       2936      28017
kms_gravel~s |         26    8954.923    2231.948       6127      14264
kms_dirt_r~d |         26       12815    14878.25       2233      49025
-------------+---------------------------------------------------------
       Total |         26    42555.42     8383.28      32869      61383
total_kms_~d |         26    29740.42      8432.7      12358      37999
real_gdp_p~G |        118    7613.653    3274.574       2321      14431
     pop_ARG |         93    16446.27    8347.295       1796      33036
 agriculture |         56    .1439285    .0473664   .0635417   .2530014
-------------+---------------------------------------------------------
      mining |         56    .0147154    .0054657   .0067713   .0316568
    industry |         56    .2573125    .0543745   .1302707   .3320359
   utilities |         56    .0163578    .0050781   .0077367   .0279708
construction |         56    .0488763    .0172842   .0177936   .0864583
    commerce |         56    .1494466    .0166898   .1171501   .1977626
-------------+---------------------------------------------------------
trsp_strg_~m |         56    .0740223    .0152847   .0391781   .0977492
finance_re~e |         56    .0875479    .0400435   .0304905   .1571084
      public |         56    .1554075      .02091   .1064907   .2129757
real_gdp_p~c |         56    1385.346    260.1623     870.41   2106.756
real_gdp_p~d |         56    2757.461    1095.158   881.4114   4564.165




==================================================================================================
File: ../output/yearly_aggregates.dta
Key: year
==================================================================================================
  120:20(70903):2756112000:3393262978

    Variable |        Obs        Mean    Std. Dev.       Min        Max
-------------+---------------------------------------------------------
        year |        120    1930.183    35.36603       1857       1990
    kms_rail |         60    33410.78    13813.84         10      43938
kms_paved_~s |         26     20785.5    8426.575       2936      28017
kms_gravel~s |         26    8954.923    2231.948       6127      14264
kms_dirt_r~d |         26       12815    14878.25       2233      49025
-------------+---------------------------------------------------------
       Total |         26    42555.42     8383.28      32869      61383
total_kms_~d |         26    29740.42      8432.7      12358      37999
real_gdp_p~G |        118    7613.653    3274.574       2321      14431
     pop_ARG |         93    16446.27    8347.295       1796      33036
 agriculture |         56    .1439285    .0473664   .0635417   .2530014
-------------+---------------------------------------------------------
      mining |         56    .0147154    .0054657   .0067713   .0316568
    industry |         56    .2573125    .0543745   .1302707   .3320359
   utilities |         56    .0163578    .0050781   .0077367   .0279708
construction |         56    .0488763    .0172842   .0177936   .0864583
    commerce |         56    .1494466    .0166898   .1171501   .1977626
-------------+---------------------------------------------------------
trsp_strg_~m |         56    .0740223    .0152847   .0391781   .0977492
finance_re~e |         56    .0875479    .0400435   .0304905   .1571084
      public |         56    .1554075      .02091   .1064907   .2129757
real_gdp_p~c |         56    1385.346    260.1623     870.41   2106.756
real_gdp_p~d |         56    2757.461    1095.158   881.4114   4564.165




==================================================================================================
File: ../output/yearly_aggregates.dta
Key: year
==================================================================================================
  120:20(70903):2756112000:3393262978

    Variable |        Obs        Mean    Std. Dev.       Min        Max
-------------+---------------------------------------------------------
        year |        120    1930.183    35.36603       1857       1990
    kms_rail |         60    33410.78    13813.84         10      43938
kms_paved_~s |         26     20785.5    8426.575       2936      28017
kms_gravel~s |         26    8954.923    2231.948       6127      14264
kms_dirt_r~d |         26       12815    14878.25       2233      49025
-------------+---------------------------------------------------------
       Total |         26    42555.42     8383.28      32869      61383
total_kms_~d |         26    29740.42      8432.7      12358      37999
real_gdp_p~G |        118    7613.653    3274.574       2321      14431
     pop_ARG |         93    16446.27    8347.295       1796      33036
 agriculture |         56    .1439285    .0473664   .0635417   .2530014
-------------+---------------------------------------------------------
      mining |         56    .0147154    .0054657   .0067713   .0316568
    industry |         56    .2573125    .0543745   .1302707   .3320359
   utilities |         56    .0163578    .0050781   .0077367   .0279708
construction |         56    .0488763    .0172842   .0177936   .0864583
    commerce |         56    .1494466    .0166898   .1171501   .1977626
-------------+---------------------------------------------------------
trsp_strg_~m |         56    .0740223    .0152847   .0391781   .0977492
finance_re~e |         56    .0875479    .0400435   .0304905   .1571084
      public |         56    .1554075      .02091   .1064907   .2129757
real_gdp_p~c |         56    1385.346    260.1623     870.41   2106.756
real_gdp_p~d |         56    2757.461    1095.158   881.4114   4564.165




==================================================================================================
File: ../output/yearly_aggregates.dta
Key: year
==================================================================================================
  120:20(70903):2756112000:3393262978

    Variable |        Obs        Mean    Std. Dev.       Min        Max
-------------+---------------------------------------------------------
        year |        120    1930.183    35.36603       1857       1990
    kms_rail |         60    33410.78    13813.84         10      43938
kms_paved_~s |         26     20785.5    8426.575       2936      28017
kms_gravel~s |         26    8954.923    2231.948       6127      14264
kms_dirt_r~d |         26       12815    14878.25       2233      49025
-------------+---------------------------------------------------------
       Total |         26    42555.42     8383.28      32869      61383
total_kms_~d |         26    29740.42      8432.7      12358      37999
real_gdp_p~G |        118    7613.653    3274.574       2321      14431
     pop_ARG |         93    16446.27    8347.295       1796      33036
 agriculture |         56    .1439285    .0473664   .0635417   .2530014
-------------+---------------------------------------------------------
      mining |         56    .0147154    .0054657   .0067713   .0316568
    industry |         56    .2573125    .0543745   .1302707   .3320359
   utilities |         56    .0163578    .0050781   .0077367   .0279708
construction |         56    .0488763    .0172842   .0177936   .0864583
    commerce |         56    .1494466    .0166898   .1171501   .1977626
-------------+---------------------------------------------------------
trsp_strg_~m |         56    .0740223    .0152847   .0391781   .0977492
finance_re~e |         56    .0875479    .0400435   .0304905   .1571084
      public |         56    .1554075      .02091   .1064907   .2129757
real_gdp_p~c |         56    1385.346    260.1623     870.41   2106.756
real_gdp_p~d |         56    2757.461    1095.158   881.4114   4564.165




==================================================================================================
File: ../output/yearly_aggregates.dta
Key: year
==================================================================================================
  120:20(70903):2756112000:3393262978

    Variable |        Obs        Mean    Std. Dev.       Min        Max
-------------+---------------------------------------------------------
        year |        120    1930.183    35.36603       1857       1990
    kms_rail |         60    33410.78    13813.84         10      43938
kms_paved_~s |         26     20785.5    8426.575       2936      28017
kms_gravel~s |         26    8954.923    2231.948       6127      14264
kms_dirt_r~d |         26       12815    14878.25       2233      49025
-------------+---------------------------------------------------------
       Total |         26    42555.42     8383.28      32869      61383
total_kms_~d |         26    29740.42      8432.7      12358      37999
real_gdp_p~G |        118    7613.653    3274.574       2321      14431
     pop_ARG |         93    16446.27    8347.295       1796      33036
 agriculture |         56    .1439285    .0473664   .0635417   .2530014
-------------+---------------------------------------------------------
      mining |         56    .0147154    .0054657   .0067713   .0316568
    industry |         56    .2573125    .0543745   .1302707   .3320359
   utilities |         56    .0163578    .0050781   .0077367   .0279708
construction |         56    .0488763    .0172842   .0177936   .0864583
    commerce |         56    .1494466    .0166898   .1171501   .1977626
-------------+---------------------------------------------------------
trsp_strg_~m |         56    .0740223    .0152847   .0391781   .0977492
finance_re~e |         56    .0875479    .0400435   .0304905   .1571084
      public |         56    .1554075      .02091   .1064907   .2129757
real_gdp_p~c |         56    1385.346    260.1623     870.41   2106.756
real_gdp_p~d |         56    2757.461    1095.158   881.4114   4564.165




==================================================================================================
File: ../output/yearly_aggregates.dta
Key: year
==================================================================================================
  120:20(70903):2756112000:3393262978

    Variable |        Obs        Mean    Std. Dev.       Min        Max
-------------+---------------------------------------------------------
        year |        120    1930.183    35.36603       1857       1990
    kms_rail |         60    33410.78    13813.84         10      43938
kms_paved_~s |         26     20785.5    8426.575       2936      28017
kms_gravel~s |         26    8954.923    2231.948       6127      14264
kms_dirt_r~d |         26       12815    14878.25       2233      49025
-------------+---------------------------------------------------------
       Total |         26    42555.42     8383.28      32869      61383
total_kms_~d |         26    29740.42      8432.7      12358      37999
real_gdp_p~G |        118    7613.653    3274.574       2321      14431
     pop_ARG |         93    16446.27    8347.295       1796      33036
 agriculture |         56    .1439285    .0473664   .0635417   .2530014
-------------+---------------------------------------------------------
      mining |         56    .0147154    .0054657   .0067713   .0316568
    industry |         56    .2573125    .0543745   .1302707   .3320359
   utilities |         56    .0163578    .0050781   .0077367   .0279708
construction |         56    .0488763    .0172842   .0177936   .0864583
    commerce |         56    .1494466    .0166898   .1171501   .1977626
-------------+---------------------------------------------------------
trsp_strg_~m |         56    .0740223    .0152847   .0391781   .0977492
finance_re~e |         56    .0875479    .0400435   .0304905   .1571084
      public |         56    .1554075      .02091   .1064907   .2129757
real_gdp_p~c |         56    1385.346    260.1623     870.41   2106.756
real_gdp_p~d |         56    2757.461    1095.158   881.4114   4564.165




==================================================================================================
File: ../output/yearly_aggregates.dta
Key: year
==================================================================================================
  120:20(70903):2756112000:3393262978

    Variable |        Obs        Mean    Std. Dev.       Min        Max
-------------+---------------------------------------------------------
        year |        120    1930.183    35.36603       1857       1990
    kms_rail |         60    33410.78    13813.84         10      43938
kms_paved_~s |         26     20785.5    8426.575       2936      28017
kms_gravel~s |         26    8954.923    2231.948       6127      14264
kms_dirt_r~d |         26       12815    14878.25       2233      49025
-------------+---------------------------------------------------------
       Total |         26    42555.42     8383.28      32869      61383
total_kms_~d |         26    29740.42      8432.7      12358      37999
real_gdp_p~G |        118    7613.653    3274.574       2321      14431
     pop_ARG |         93    16446.27    8347.295       1796      33036
 agriculture |         56    .1439285    .0473664   .0635417   .2530014
-------------+---------------------------------------------------------
      mining |         56    .0147154    .0054657   .0067713   .0316568
    industry |         56    .2573125    .0543745   .1302707   .3320359
   utilities |         56    .0163578    .0050781   .0077367   .0279708
construction |         56    .0488763    .0172842   .0177936   .0864583
    commerce |         56    .1494466    .0166898   .1171501   .1977626
-------------+---------------------------------------------------------
trsp_strg_~m |         56    .0740223    .0152847   .0391781   .0977492
finance_re~e |         56    .0875479    .0400435   .0304905   .1571084
      public |         56    .1554075      .02091   .1064907   .2129757
real_gdp_p~c |         56    1385.346    260.1623     870.41   2106.756
real_gdp_p~d |         56    2757.461    1095.158   881.4114   4564.165




==================================================================================================
File: ../output/yearly_aggregates.dta
Key: year
==================================================================================================
  120:20(70903):2756112000:3393262978

    Variable |        Obs        Mean    Std. Dev.       Min        Max
-------------+---------------------------------------------------------
        year |        120    1930.183    35.36603       1857       1990
    kms_rail |         60    33410.78    13813.84         10      43938
kms_paved_~s |         26     20785.5    8426.575       2936      28017
kms_gravel~s |         26    8954.923    2231.948       6127      14264
kms_dirt_r~d |         26       12815    14878.25       2233      49025
-------------+---------------------------------------------------------
       Total |         26    42555.42     8383.28      32869      61383
total_kms_~d |         26    29740.42      8432.7      12358      37999
real_gdp_p~G |        118    7613.653    3274.574       2321      14431
     pop_ARG |         93    16446.27    8347.295       1796      33036
 agriculture |         56    .1439285    .0473664   .0635417   .2530014
-------------+---------------------------------------------------------
      mining |         56    .0147154    .0054657   .0067713   .0316568
    industry |         56    .2573125    .0543745   .1302707   .3320359
   utilities |         56    .0163578    .0050781   .0077367   .0279708
construction |         56    .0488763    .0172842   .0177936   .0864583
    commerce |         56    .1494466    .0166898   .1171501   .1977626
-------------+---------------------------------------------------------
trsp_strg_~m |         56    .0740223    .0152847   .0391781   .0977492
finance_re~e |         56    .0875479    .0400435   .0304905   .1571084
      public |         56    .1554075      .02091   .1064907   .2129757
real_gdp_p~c |         56    1385.346    260.1623     870.41   2106.756
real_gdp_p~d |         56    2757.461    1095.158   881.4114   4564.165




==================================================================================================
File: ../output/yearly_aggregates.dta
Key: year
==================================================================================================
  120:20(70903):2756112000:3393262978

    Variable |        Obs        Mean    Std. Dev.       Min        Max
-------------+---------------------------------------------------------
        year |        120    1930.183    35.36603       1857       1990
    kms_rail |         60    33410.78    13813.84         10      43938
kms_paved_~s |         26     20785.5    8426.575       2936      28017
kms_gravel~s |         26    8954.923    2231.948       6127      14264
kms_dirt_r~d |         26       12815    14878.25       2233      49025
-------------+---------------------------------------------------------
       Total |         26    42555.42     8383.28      32869      61383
total_kms_~d |         26    29740.42      8432.7      12358      37999
real_gdp_p~G |        118    7613.653    3274.574       2321      14431
     pop_ARG |         93    16446.27    8347.295       1796      33036
 agriculture |         56    .1439285    .0473664   .0635417   .2530014
-------------+---------------------------------------------------------
      mining |         56    .0147154    .0054657   .0067713   .0316568
    industry |         56    .2573125    .0543745   .1302707   .3320359
   utilities |         56    .0163578    .0050781   .0077367   .0279708
construction |         56    .0488763    .0172842   .0177936   .0864583
    commerce |         56    .1494466    .0166898   .1171501   .1977626
-------------+---------------------------------------------------------
trsp_strg_~m |         56    .0740223    .0152847   .0391781   .0977492
finance_re~e |         56    .0875479    .0400435   .0304905   .1571084
      public |         56    .1554075      .02091   .1064907   .2129757
real_gdp_p~c |         56    1385.346    260.1623     870.41   2106.756
real_gdp_p~d |         56    2757.461    1095.158   881.4114   4564.165




==================================================================================================
File: ../output/yearly_aggregates.dta
Key: year
==================================================================================================
  120:20(70903):2756112000:3393262978

    Variable |        Obs        Mean    Std. Dev.       Min        Max
-------------+---------------------------------------------------------
        year |        120    1930.183    35.36603       1857       1990
    kms_rail |         60    33410.78    13813.84         10      43938
kms_paved_~s |         26     20785.5    8426.575       2936      28017
kms_gravel~s |         26    8954.923    2231.948       6127      14264
kms_dirt_r~d |         26       12815    14878.25       2233      49025
-------------+---------------------------------------------------------
       Total |         26    42555.42     8383.28      32869      61383
total_kms_~d |         26    29740.42      8432.7      12358      37999
real_gdp_p~G |        118    7613.653    3274.574       2321      14431
     pop_ARG |         93    16446.27    8347.295       1796      33036
 agriculture |         56    .1439285    .0473664   .0635417   .2530014
-------------+---------------------------------------------------------
      mining |         56    .0147154    .0054657   .0067713   .0316568
    industry |         56    .2573125    .0543745   .1302707   .3320359
   utilities |         56    .0163578    .0050781   .0077367   .0279708
construction |         56    .0488763    .0172842   .0177936   .0864583
    commerce |         56    .1494466    .0166898   .1171501   .1977626
-------------+---------------------------------------------------------
trsp_strg_~m |         56    .0740223    .0152847   .0391781   .0977492
finance_re~e |         56    .0875479    .0400435   .0304905   .1571084
      public |         56    .1554075      .02091   .1064907   .2129757
real_gdp_p~c |         56    1385.346    260.1623     870.41   2106.756
real_gdp_p~d |         56    2757.461    1095.158   881.4114   4564.165




==================================================================================================
File: ../output/yearly_aggregates.dta
Key: year
==================================================================================================
  120:20(70903):2756112000:3393262978

    Variable |        Obs        Mean    Std. Dev.       Min        Max
-------------+---------------------------------------------------------
        year |        120    1930.183    35.36603       1857       1990
    kms_rail |         60    33410.78    13813.84         10      43938
kms_paved_~s |         26     20785.5    8426.575       2936      28017
kms_gravel~s |         26    8954.923    2231.948       6127      14264
kms_dirt_r~d |         26       12815    14878.25       2233      49025
-------------+---------------------------------------------------------
       Total |         26    42555.42     8383.28      32869      61383
total_kms_~d |         26    29740.42      8432.7      12358      37999
real_gdp_p~G |        118    7613.653    3274.574       2321      14431
     pop_ARG |         93    16446.27    8347.295       1796      33036
 agriculture |         56    .1439285    .0473664   .0635417   .2530014
-------------+---------------------------------------------------------
      mining |         56    .0147154    .0054657   .0067713   .0316568
    industry |         56    .2573125    .0543745   .1302707   .3320359
   utilities |         56    .0163578    .0050781   .0077367   .0279708
construction |         56    .0488763    .0172842   .0177936   .0864583
    commerce |         56    .1494466    .0166898   .1171501   .1977626
-------------+---------------------------------------------------------
trsp_strg_~m |         56    .0740223    .0152847   .0391781   .0977492
finance_re~e |         56    .0875479    .0400435   .0304905   .1571084
      public |         56    .1554075      .02091   .1064907   .2129757
real_gdp_p~c |         56    1385.346    260.1623     870.41   2106.756
real_gdp_p~d |         56    2757.461    1095.158   881.4114   4564.165




==================================================================================================
File: ../output/yearly_aggregates.dta
Key: year
==================================================================================================
  120:20(70903):2756112000:3393262978

    Variable |        Obs        Mean    Std. Dev.       Min        Max
-------------+---------------------------------------------------------
        year |        120    1930.183    35.36603       1857       1990
    kms_rail |         60    33410.78    13813.84         10      43938
kms_paved_~s |         26     20785.5    8426.575       2936      28017
kms_gravel~s |         26    8954.923    2231.948       6127      14264
kms_dirt_r~d |         26       12815    14878.25       2233      49025
-------------+---------------------------------------------------------
       Total |         26    42555.42     8383.28      32869      61383
total_kms_~d |         26    29740.42      8432.7      12358      37999
real_gdp_p~G |        118    7613.653    3274.574       2321      14431
     pop_ARG |         93    16446.27    8347.295       1796      33036
 agriculture |         56    .1439285    .0473664   .0635417   .2530014
-------------+---------------------------------------------------------
      mining |         56    .0147154    .0054657   .0067713   .0316568
    industry |         56    .2573125    .0543745   .1302707   .3320359
   utilities |         56    .0163578    .0050781   .0077367   .0279708
construction |         56    .0488763    .0172842   .0177936   .0864583
    commerce |         56    .1494466    .0166898   .1171501   .1977626
-------------+---------------------------------------------------------
trsp_strg_~m |         56    .0740223    .0152847   .0391781   .0977492
finance_re~e |         56    .0875479    .0400435   .0304905   .1571084
      public |         56    .1554075      .02091   .1064907   .2129757
real_gdp_p~c |         56    1385.346    260.1623     870.41   2106.756
real_gdp_p~d |         56    2757.461    1095.158   881.4114   4564.165




==================================================================================================
File: ../output/yearly_aggregates.dta
Key: year
==================================================================================================
  120:20(70903):2756112000:3393262978

    Variable |        Obs        Mean    Std. Dev.       Min        Max
-------------+---------------------------------------------------------
        year |        120    1930.183    35.36603       1857       1990
    kms_rail |         60    33410.78    13813.84         10      43938
kms_paved_~s |         26     20785.5    8426.575       2936      28017
kms_gravel~s |         26    8954.923    2231.948       6127      14264
kms_dirt_r~d |         26       12815    14878.25       2233      49025
-------------+---------------------------------------------------------
       Total |         26    42555.42     8383.28      32869      61383
total_kms_~d |         26    29740.42      8432.7      12358      37999
real_gdp_p~G |        118    7613.653    3274.574       2321      14431
     pop_ARG |         93    16446.27    8347.295       1796      33036
 agriculture |         56    .1439285    .0473664   .0635417   .2530014
-------------+---------------------------------------------------------
      mining |         56    .0147154    .0054657   .0067713   .0316568
    industry |         56    .2573125    .0543745   .1302707   .3320359
   utilities |         56    .0163578    .0050781   .0077367   .0279708
construction |         56    .0488763    .0172842   .0177936   .0864583
    commerce |         56    .1494466    .0166898   .1171501   .1977626
-------------+---------------------------------------------------------
trsp_strg_~m |         56    .0740223    .0152847   .0391781   .0977492
finance_re~e |         56    .0875479    .0400435   .0304905   .1571084
      public |         56    .1554075      .02091   .1064907   .2129757
real_gdp_p~c |         56    1385.346    260.1623     870.41   2106.756
real_gdp_p~d |         56    2757.461    1095.158   881.4114   4564.165




==================================================================================================
File: ../output/yearly_aggregates.dta
Key: year
==================================================================================================
  120:20(70903):157171891:2608444762

    Variable |        Obs        Mean    Std. Dev.       Min        Max
-------------+---------------------------------------------------------
        year |        120    1930.183    35.36603       1857       1990
    kms_rail |         60    33410.78    13813.84         10      43938
kms_paved_~s |         26     20785.5    8426.575       2936      28017
kms_gravel~s |         26    8954.923    2231.948       6127      14264
kms_dirt_r~d |         26       12815    14878.25       2233      49025
-------------+---------------------------------------------------------
       Total |         26    42555.42     8383.28      32869      61383
total_kms_~d |         26    29740.42      8432.7      12358      37999
real_gdp_p~G |        118    7613.653    3274.574       2321      14431
     pop_ARG |         93    16446.27    8347.295       1796      33036
 agriculture |         56    .1439285    .0473664   .0635417   .2530014
-------------+---------------------------------------------------------
      mining |         56    .0147154    .0054657   .0067713   .0316568
    industry |         56    .2573125    .0543745   .1302707   .3320359
   utilities |         56    .0163578    .0050781   .0077367   .0279708
construction |         56    .0488763    .0172842   .0177936   .0864583
    commerce |         56    .1494466    .0166898   .1171501   .1977626
-------------+---------------------------------------------------------
trsp_strg_~m |         56    .0740223    .0152847   .0391781   .0977492
finance_re~e |         56    .0875479    .0400435   .0304905   .1571084
      public |         56    .1554075      .02091   .1064907   .2129757
real_gdp_p~c |         56    1385.346    260.1623     870.41   2106.756
real_gdp_p~d |         56    2757.461    1095.158   881.4114   4564.165




==================================================================================================
File: ../output/yearly_aggregates.dta
Key: year
==================================================================================================
  120:20(70903):157171891:2608444762

    Variable |        Obs        Mean    Std. Dev.       Min        Max
-------------+---------------------------------------------------------
        year |        120    1930.183    35.36603       1857       1990
    kms_rail |         60    33410.78    13813.84         10      43938
kms_paved_~s |         26     20785.5    8426.575       2936      28017
kms_gravel~s |         26    8954.923    2231.948       6127      14264
kms_dirt_r~d |         26       12815    14878.25       2233      49025
-------------+---------------------------------------------------------
       Total |         26    42555.42     8383.28      32869      61383
total_kms_~d |         26    29740.42      8432.7      12358      37999
real_gdp_p~G |        118    7613.653    3274.574       2321      14431
     pop_ARG |         93    16446.27    8347.295       1796      33036
 agriculture |         56    .1439285    .0473664   .0635417   .2530014
-------------+---------------------------------------------------------
      mining |         56    .0147154    .0054657   .0067713   .0316568
    industry |         56    .2573125    .0543745   .1302707   .3320359
   utilities |         56    .0163578    .0050781   .0077367   .0279708
construction |         56    .0488763    .0172842   .0177936   .0864583
    commerce |         56    .1494466    .0166898   .1171501   .1977626
-------------+---------------------------------------------------------
trsp_strg_~m |         56    .0740223    .0152847   .0391781   .0977492
finance_re~e |         56    .0875479    .0400435   .0304905   .1571084
      public |         56    .1554075      .02091   .1064907   .2129757
real_gdp_p~c |         56    1385.346    260.1623     870.41   2106.756
real_gdp_p~d |         56    2757.461    1095.158   881.4114   4564.165




==================================================================================================
File: ../output/yearly_aggregates.dta
Key: year
==================================================================================================
  120:20(70903):157171891:2608444762

    Variable |        Obs        Mean    Std. Dev.       Min        Max
-------------+---------------------------------------------------------
        year |        120    1930.183    35.36603       1857       1990
    kms_rail |         60    33410.78    13813.84         10      43938
kms_paved_~s |         26     20785.5    8426.575       2936      28017
kms_gravel~s |         26    8954.923    2231.948       6127      14264
kms_dirt_r~d |         26       12815    14878.25       2233      49025
-------------+---------------------------------------------------------
       Total |         26    42555.42     8383.28      32869      61383
total_kms_~d |         26    29740.42      8432.7      12358      37999
real_gdp_p~G |        118    7613.653    3274.574       2321      14431
     pop_ARG |         93    16446.27    8347.295       1796      33036
 agriculture |         56    .1439285    .0473664   .0635417   .2530014
-------------+---------------------------------------------------------
      mining |         56    .0147154    .0054657   .0067713   .0316568
    industry |         56    .2573125    .0543745   .1302707   .3320359
   utilities |         56    .0163578    .0050781   .0077367   .0279708
construction |         56    .0488763    .0172842   .0177936   .0864583
    commerce |         56    .1494466    .0166898   .1171501   .1977626
-------------+---------------------------------------------------------
trsp_strg_~m |         56    .0740223    .0152847   .0391781   .0977492
finance_re~e |         56    .0875479    .0400435   .0304905   .1571084
      public |         56    .1554075      .02091   .1064907   .2129757
real_gdp_p~c |         56    1385.346    260.1623     870.41   2106.756
real_gdp_p~d |         56    2757.461    1095.158   881.4114   4564.165




==================================================================================================
File: ../output/yearly_aggregates.dta
Key: year
==================================================================================================
  120:20(70903):157171891:2608444762

    Variable |        Obs        Mean    Std. Dev.       Min        Max
-------------+---------------------------------------------------------
        year |        120    1930.183    35.36603       1857       1990
    kms_rail |         60    33410.78    13813.84         10      43938
kms_paved_~s |         26     20785.5    8426.575       2936      28017
kms_gravel~s |         26    8954.923    2231.948       6127      14264
kms_dirt_r~d |         26       12815    14878.25       2233      49025
-------------+---------------------------------------------------------
       Total |         26    42555.42     8383.28      32869      61383
total_kms_~d |         26    29740.42      8432.7      12358      37999
real_gdp_p~G |        118    7613.653    3274.574       2321      14431
     pop_ARG |         93    16446.27    8347.295       1796      33036
 agriculture |         56    .1439285    .0473664   .0635417   .2530014
-------------+---------------------------------------------------------
      mining |         56    .0147154    .0054657   .0067713   .0316568
    industry |         56    .2573125    .0543745   .1302707   .3320359
   utilities |         56    .0163578    .0050781   .0077367   .0279708
construction |         56    .0488763    .0172842   .0177936   .0864583
    commerce |         56    .1494466    .0166898   .1171501   .1977626
-------------+---------------------------------------------------------
trsp_strg_~m |         56    .0740223    .0152847   .0391781   .0977492
finance_re~e |         56    .0875479    .0400435   .0304905   .1571084
      public |         56    .1554075      .02091   .1064907   .2129757
real_gdp_p~c |         56    1385.346    260.1623     870.41   2106.756
real_gdp_p~d |         56    2757.461    1095.158   881.4114   4564.165




==================================================================================================
File: ../output/yearly_aggregates.dta
Key: year
==================================================================================================
  120:20(70903):157171891:2608444762

    Variable |        Obs        Mean    Std. Dev.       Min        Max
-------------+---------------------------------------------------------
        year |        120    1930.183    35.36603       1857       1990
    kms_rail |         60    33410.78    13813.84         10      43938
kms_paved_~s |         26     20785.5    8426.575       2936      28017
kms_gravel~s |         26    8954.923    2231.948       6127      14264
kms_dirt_r~d |         26       12815    14878.25       2233      49025
-------------+---------------------------------------------------------
       Total |         26    42555.42     8383.28      32869      61383
total_kms_~d |         26    29740.42      8432.7      12358      37999
real_gdp_p~G |        118    7613.653    3274.574       2321      14431
     pop_ARG |         93    16446.27    8347.295       1796      33036
 agriculture |         56    .1439285    .0473664   .0635417   .2530014
-------------+---------------------------------------------------------
      mining |         56    .0147154    .0054657   .0067713   .0316568
    industry |         56    .2573125    .0543745   .1302707   .3320359
   utilities |         56    .0163578    .0050781   .0077367   .0279708
construction |         56    .0488763    .0172842   .0177936   .0864583
    commerce |         56    .1494466    .0166898   .1171501   .1977626
-------------+---------------------------------------------------------
trsp_strg_~m |         56    .0740223    .0152847   .0391781   .0977492
finance_re~e |         56    .0875479    .0400435   .0304905   .1571084
      public |         56    .1554075      .02091   .1064907   .2129757
real_gdp_p~c |         56    1385.346    260.1623     870.41   2106.756
real_gdp_p~d |         56    2757.461    1095.158   881.4114   4564.165




==================================================================================================
File: ../output/yearly_aggregates.dta
Key: year
==================================================================================================
  120:20(70903):157171891:2608444762

    Variable |        Obs        Mean    Std. Dev.       Min        Max
-------------+---------------------------------------------------------
        year |        120    1930.183    35.36603       1857       1990
    kms_rail |         60    33410.78    13813.84         10      43938
kms_paved_~s |         26     20785.5    8426.575       2936      28017
kms_gravel~s |         26    8954.923    2231.948       6127      14264
kms_dirt_r~d |         26       12815    14878.25       2233      49025
-------------+---------------------------------------------------------
       Total |         26    42555.42     8383.28      32869      61383
total_kms_~d |         26    29740.42      8432.7      12358      37999
real_gdp_p~G |        118    7613.653    3274.574       2321      14431
     pop_ARG |         93    16446.27    8347.295       1796      33036
 agriculture |         56    .1439285    .0473664   .0635417   .2530014
-------------+---------------------------------------------------------
      mining |         56    .0147154    .0054657   .0067713   .0316568
    industry |         56    .2573125    .0543745   .1302707   .3320359
   utilities |         56    .0163578    .0050781   .0077367   .0279708
construction |         56    .0488763    .0172842   .0177936   .0864583
    commerce |         56    .1494466    .0166898   .1171501   .1977626
-------------+---------------------------------------------------------
trsp_strg_~m |         56    .0740223    .0152847   .0391781   .0977492
finance_re~e |         56    .0875479    .0400435   .0304905   .1571084
      public |         56    .1554075      .02091   .1064907   .2129757
real_gdp_p~c |         56    1385.346    260.1623     870.41   2106.756
real_gdp_p~d |         56    2757.461    1095.158   881.4114   4564.165




=================================================================================================
> =
File: ../output/yearly_aggregates.dta
Key: year
=================================================================================================
> =
  120:20(70903):157171891:2608444762

    Variable |        Obs        Mean    Std. Dev.       Min        Max
-------------+---------------------------------------------------------
        year |        120    1930.183    35.36603       1857       1990
    kms_rail |         60    33410.78    13813.84         10      43938
kms_paved_~s |         26     20785.5    8426.575       2936      28017
kms_gravel~s |         26    8954.923    2231.948       6127      14264
kms_dirt_r~d |         26       12815    14878.25       2233      49025
-------------+---------------------------------------------------------
       Total |         26    42555.42     8383.28      32869      61383
total_kms_~d |         26    29740.42      8432.7      12358      37999
real_gdp_p~G |        118    7613.653    3274.574       2321      14431
     pop_ARG |         93    16446.27    8347.295       1796      33036
 agriculture |         56    .1439285    .0473664   .0635417   .2530014
-------------+---------------------------------------------------------
      mining |         56    .0147154    .0054657   .0067713   .0316568
    industry |         56    .2573125    .0543745   .1302707   .3320359
   utilities |         56    .0163578    .0050781   .0077367   .0279708
construction |         56    .0488763    .0172842   .0177936   .0864583
    commerce |         56    .1494466    .0166898   .1171501   .1977626
-------------+---------------------------------------------------------
trsp_strg_~m |         56    .0740223    .0152847   .0391781   .0977492
finance_re~e |         56    .0875479    .0400435   .0304905   .1571084
      public |         56    .1554075      .02091   .1064907   .2129757
real_gdp_p~c |         56    1385.346    260.1623     870.41   2106.756
real_gdp_p~d |         56    2757.461    1095.158   881.4114   4564.165




=================================================================================================
> =
File: ../output/yearly_aggregates.dta
Key: year
=================================================================================================
> =
  120:20(70903):157171891:2608444762

    Variable |        Obs        Mean    Std. Dev.       Min        Max
-------------+---------------------------------------------------------
        year |        120    1930.183    35.36603       1857       1990
    kms_rail |         60    33410.78    13813.84         10      43938
kms_paved_~s |         26     20785.5    8426.575       2936      28017
kms_gravel~s |         26    8954.923    2231.948       6127      14264
kms_dirt_r~d |         26       12815    14878.25       2233      49025
-------------+---------------------------------------------------------
       Total |         26    42555.42     8383.28      32869      61383
total_kms_~d |         26    29740.42      8432.7      12358      37999
real_gdp_p~G |        118    7613.653    3274.574       2321      14431
     pop_ARG |         93    16446.27    8347.295       1796      33036
 agriculture |         56    .1439285    .0473664   .0635417   .2530014
-------------+---------------------------------------------------------
      mining |         56    .0147154    .0054657   .0067713   .0316568
    industry |         56    .2573125    .0543745   .1302707   .3320359
   utilities |         56    .0163578    .0050781   .0077367   .0279708
construction |         56    .0488763    .0172842   .0177936   .0864583
    commerce |         56    .1494466    .0166898   .1171501   .1977626
-------------+---------------------------------------------------------
trsp_strg_~m |         56    .0740223    .0152847   .0391781   .0977492
finance_re~e |         56    .0875479    .0400435   .0304905   .1571084
      public |         56    .1554075      .02091   .1064907   .2129757
real_gdp_p~c |         56    1385.346    260.1623     870.41   2106.756
real_gdp_p~d |         56    2757.461    1095.158   881.4114   4564.165




=================================================================================================
> =
File: ../output/yearly_aggregates.dta
Key: year
=================================================================================================
> =
  120:20(70903):157171891:2608444762

    Variable |        Obs        Mean    Std. Dev.       Min        Max
-------------+---------------------------------------------------------
        year |        120    1930.183    35.36603       1857       1990
    kms_rail |         60    33410.78    13813.84         10      43938
kms_paved_~s |         26     20785.5    8426.575       2936      28017
kms_gravel~s |         26    8954.923    2231.948       6127      14264
kms_dirt_r~d |         26       12815    14878.25       2233      49025
-------------+---------------------------------------------------------
       Total |         26    42555.42     8383.28      32869      61383
total_kms_~d |         26    29740.42      8432.7      12358      37999
real_gdp_p~G |        118    7613.653    3274.574       2321      14431
     pop_ARG |         93    16446.27    8347.295       1796      33036
 agriculture |         56    .1439285    .0473664   .0635417   .2530014
-------------+---------------------------------------------------------
      mining |         56    .0147154    .0054657   .0067713   .0316568
    industry |         56    .2573125    .0543745   .1302707   .3320359
   utilities |         56    .0163578    .0050781   .0077367   .0279708
construction |         56    .0488763    .0172842   .0177936   .0864583
    commerce |         56    .1494466    .0166898   .1171501   .1977626
-------------+---------------------------------------------------------
trsp_strg_~m |         56    .0740223    .0152847   .0391781   .0977492
finance_re~e |         56    .0875479    .0400435   .0304905   .1571084
      public |         56    .1554075      .02091   .1064907   .2129757
real_gdp_p~c |         56    1385.346    260.1623     870.41   2106.756
real_gdp_p~d |         56    2757.461    1095.158   881.4114   4564.165




==================================================================================================
File: ../output/yearly_aggregates.dta
Key: year
==================================================================================================
  120:20(70903):157171891:2608444762

    Variable |        Obs        Mean    Std. Dev.       Min        Max
-------------+---------------------------------------------------------
        year |        120    1930.183    35.36603       1857       1990
    kms_rail |         60    33410.78    13813.84         10      43938
kms_paved_~s |         26     20785.5    8426.575       2936      28017
kms_gravel~s |         26    8954.923    2231.948       6127      14264
kms_dirt_r~d |         26       12815    14878.25       2233      49025
-------------+---------------------------------------------------------
       Total |         26    42555.42     8383.28      32869      61383
total_kms_~d |         26    29740.42      8432.7      12358      37999
real_gdp_p~G |        118    7613.653    3274.574       2321      14431
     pop_ARG |         93    16446.27    8347.295       1796      33036
 agriculture |         56    .1439285    .0473664   .0635417   .2530014
-------------+---------------------------------------------------------
      mining |         56    .0147154    .0054657   .0067713   .0316568
    industry |         56    .2573125    .0543745   .1302707   .3320359
   utilities |         56    .0163578    .0050781   .0077367   .0279708
construction |         56    .0488763    .0172842   .0177936   .0864583
    commerce |         56    .1494466    .0166898   .1171501   .1977626
-------------+---------------------------------------------------------
trsp_strg_~m |         56    .0740223    .0152847   .0391781   .0977492
finance_re~e |         56    .0875479    .0400435   .0304905   .1571084
      public |         56    .1554075      .02091   .1064907   .2129757
real_gdp_p~c |         56    1385.346    260.1623     870.41   2106.756
real_gdp_p~d |         56    2757.461    1095.158   881.4114   4564.165




